C51 COMPILER V9.60.7.0   LCD                                                               12/27/2023 11:18:48 PAGE 1   


C51 COMPILER V9.60.7.0, COMPILATION OF MODULE LCD
OBJECT MODULE PLACED IN .\Objects\lcd.obj
COMPILER INVOKED BY: C:\Keil_v5\C51\BIN\C51.EXE lcd.c OPTIMIZE(8,SPEED) BROWSE DEBUG OBJECTEXTEND PRINT(.\Listings\lcd.l
                    -st) TABS(2) OBJECT(.\Objects\lcd.obj)

line level    source

   1          #include<reg51.h>
   2          #include "T_LCD.h"
   3          #include "delay.h"
   4          #define dataport P0       // LCD dataport connected to PORT1
   5          sbit rs = P2^6;  //RS pin connected to pin 2 of port 3
   6          sbit rw = P2^5;  // RW pin connected to pin 3 of port 3
   7          sbit en  =  P2^7;
   8          #define LCDMaxLines 2 /* 16x2 lcd Specification */
   9          #define LCDMaxChars 16
  10          #define LineOne 0x80
  11          #define LineTwo 0xc0
  12          #define BlankSpace ' '
  13           
  14          //LCD initilization
  15          void LCD_Init()
  16          {
  17   1          delay_us(5000);
  18   1         lcd_WriteCmd(0x02);  //initilize the LCD in 4bit Mode
  19   1         lcd_WriteCmd(0x28);
  20   1         lcd_WriteCmd(0x0C);  // display ON cursor ON
  21   1         lcd_WriteCmd(0x01);  // clear the LCD
  22   1         lcd_WriteCmd(0x80);  // move the Cursor to First line First Position
  23   1       
  24   1      }
  25           
  26          // lcd Write command function
  27          void lcd_WriteCmd( char a)
  28          {
  29   1       
  30   1         dataport=(a & 0xf0);        
  31   1         rs=0;                      
  32   1         rw=0;                 
  33   1         en=1;                 
  34   1         delay_us(1);
  35   1         en=0;
  36   1         delay_us(1);                  
  37   1         dataport=((a<<4) & 0xf0);   
  38   1         rs=0;                    
  39   1         rw=0;                    
  40   1         en=1;                      
  41   1         delay_us(1);
  42   1         en=0;
  43   1         delay_us(1);
  44   1      }
  45           
  46           
  47           // lcd writedata function
  48          void lcd_Writedata( char a)
  49          {
  50   1       
  51   1       
  52   1         dataport=(a & 0xf0);        
  53   1           rs=1;                      
  54   1           rw=0;                      
C51 COMPILER V9.60.7.0   LCD                                                               12/27/2023 11:18:48 PAGE 2   

  55   1           en=1;                      
  56   1          delay_us(1);
  57   1           en=0;
  58   1         delay_us(1);                
  59   1         dataport=((a <<4) & 0xf0);  
  60   1           rs=1;                    
  61   1           rw=0;                     
  62   1           en=1;                      
  63   1          delay_us(1);
  64   1           en=0;
  65   1       
  66   1         delay_us(1);
  67   1       
  68   1      }
  69          
  70           //lcd gotolinetwo fuction
  71          void lcd_GoToLineTwo()
  72          {
  73   1         lcd_WriteCmd(LineTwo);   // move the Cursor to Second line First Position
  74   1      }
  75           
  76          //lcd go to X(first row), Y(second row) line
  77          void lcd_GoToXY(char row, char col)
  78          {
  79   1         char pos;
  80   1       
  81   1          if(row<LCDMaxLines)
  82   1            {
  83   2               pos= LineOne | (row << 6);
  84   2                                          
  85   2       
  86   2              if(col<LCDMaxChars)
  87   2                 pos= pos+col;            
  88   2                                          
  89   2       
  90   2               lcd_WriteCmd(pos);        
  91   2             }
  92   1      }
  93           
  94          
  95          //lcd display string function
  96          void lcd_DisplayString(char *string_ptr)
  97          {
  98   1         while(*string_ptr)
  99   1          lcd_Writedata(*string_ptr++);
 100   1          }
 101           
 102          //lcd display rtc time function
 103          void lcd_DisplayRtcTime(char hour,char min,char sec)
 104          {
 105   1        char t=0x01;
 106   1        if((hour&0x80)==0)
 107   1          t=0x03;
 108   1          lcd_Writedata(((hour>>4) & t) + 0x30);
 109   1          lcd_Writedata((hour & 0x0f) + 0x30);
 110   1          lcd_Writedata(':');
 111   1       
 112   1          lcd_Writedata(((min>>4) & 0x0f) + 0x30);
 113   1          lcd_Writedata((min & 0x0f) + 0x30);
 114   1          lcd_Writedata(':');
 115   1       
 116   1          lcd_Writedata(((sec>>4) & 0x0f) + 0x30);
C51 COMPILER V9.60.7.0   LCD                                                               12/27/2023 11:18:48 PAGE 3   

 117   1          lcd_Writedata((sec & 0x0f) + 0x30);
 118   1       
 119   1       }
 120           
 121           
 122           // lcd display rtc date function
 123          void lcd_DisplayRtcDate(char day,char month,char year)
 124           {
 125   1           lcd_Writedata(((day>>4) & 0x0f) + 0x30);
 126   1           lcd_Writedata((day & 0x0f) + 0x30);
 127   1           lcd_Writedata('/');
 128   1       
 129   1           lcd_Writedata(((month>>4) & 0x0f) + 0x30);
 130   1           lcd_Writedata((month & 0x0f) + 0x30);
 131   1           lcd_Writedata('/');
 132   1       
 133   1           lcd_Writedata(((year>>4) & 0x0f) + 0x30);
 134   1           lcd_Writedata((year & 0x0f) + 0x30);
 135   1       
 136   1       }


MODULE INFORMATION:   STATIC OVERLAYABLE
   CODE SIZE        =    386    ----
   CONSTANT SIZE    =   ----    ----
   XDATA SIZE       =   ----    ----
   PDATA SIZE       =   ----    ----
   DATA SIZE        =   ----      11
   IDATA SIZE       =   ----    ----
   BIT SIZE         =   ----    ----
END OF MODULE INFORMATION.


C51 COMPILATION COMPLETE.  0 WARNING(S),  0 ERROR(S)
